2026-06-12T03:14Z  B929 ░ 34 35 2E 32 33 34 3D 7A ██ 33 29 7A 29 33 3D 34 3F 3E
2026-06-13T03:14Z  AD3E ░ 23 35 2F 7A 2D 3F 28 3F ██ 7A 34 35 2E 7A 32 3F 28 3F
2026-06-14T03:14Z  184B ░ 3B 3C 2E 3F 28 7A 3E ██ 3B 28 31 7A 35 34 36 23
2026-06-15T03:14Z  147E ░ 32 35 36 3E 7A 2E 32 3F 7A ██ 3C 28 3F 2B 2F 3F 34 39 23
2026-06-16T03:14Z  91E2 ░ 32 35 36 3E 7A 2E 32 3F 7A ██ 3C 28 3F 2B 2F 3F 34 39 23
2026-06-17T03:14Z  D0F1 ░ 32 35 36 3E 7A 2E 32 3F 7A ██ 3C 28 3F 2B 2F 3F 34 39 23
2026-06-18T03:14Z  601B ░ 34 35 2E 32 33 34 3D 7A ██ 33 29 7A 29 33 3D 34 3F 3E
2026-06-19T03:14Z  0819 ░ 2E 32 3F 7A 2E 35 2D 3F ██ 28 7A 36 33 29 2E 3F 34 29
2026-06-20T03:14Z  EF2B ░ 2E 28 2F 29 2E 7A 2E ██ 32 3F 7A 34 35 33 29 3F
2026-06-21T03:14Z  72EA ░ 34 35 2E 32 33 34 3D 7A ██ 33 29 7A 29 33 3D 34 3F 3E
2026-06-22T03:14Z  B655 ░ 3F 2C 3F 28 23 2E 32 33 ██ 34 3D 7A 3E 3F 39 3B 23 29
2026-06-23T22:06Z  C1C2 ░ 3B 3C 2E 3F 28 7A 3E ██ 3B 28 31 7A 35 34 36 23
2026-06-23T22:33Z  ∎∎∎∎ ∷ 5B 52 56 41 52 17 43 5F 52 17 51 45 52 46 42 52 59 54 4E
2026-06-24T06:56Z  1F6A ░ 23 35 2F 7A 2D 3F 28 3F ██ 7A 34 35 2E 7A 32 3F 28 3F
2026-06-25T06:56Z  DAD3 ░ 32 35 36 3E 7A 2E 32 3F 7A ██ 3C 28 3F 2B 2F 3F 34 39 23
2026-06-26T07:03Z  0FE4 ░ 2D 3F 7A 2D 3B 2E 39 32 7A ██ 2E 32 3F 7A 39 32 3B 33 34
2026-06-27T06:36Z  45B1 ░ 3F 2C 3F 28 23 2E 32 33 ██ 34 3D 7A 3E 3F 39 3B 23 29
2026-06-28T07:10Z  1850 ░ 34 35 2E 32 33 34 3D 7A ██ 33 29 7A 29 33 3D 34 3F 3E
2026-06-29T08:25Z  D563 ░ 3F 2C 3F 28 23 2E 32 33 ██ 34 3D 7A 3E 3F 39 3B 23 29
2026-06-30T07:03Z  39F4 ░ 34 35 2E 32 33 34 3D 7A ██ 33 29 7A 29 33 3D 34 3F 3E
2026-07-01T07:20Z  DFF6 ░ 2D 3F 7A 2D 3B 2E 39 32 7A ██ 2E 32 3F 7A 39 32 3B 33 34
2026-07-02T06:50Z  2B22 ░ 2D 3F 7A 2D 3B 2E 39 32 7A ██ 2E 32 3F 7A 39 32 3B 33 34
2026-07-03T06:42Z  75BD ░ 2E 32 3F 23 7A 3B 28 3F 7A 34 ██ 35 2E 7A 36 35 35 31 33 34 3D
2026-07-04T06:29Z  FDD5 ░ 2D 3F 7A 2D 3B 2E 39 32 7A ██ 2E 32 3F 7A 39 32 3B 33 34
2026-07-05T06:50Z  29D6 ░ 39 35 2F 34 2E 7A 2E 32 ██ 3F 7A 29 33 36 3F 34 39 3F
2026-07-06T07:55Z  1D2B ░ 23 35 2F 7A 2D 3F 28 3F ██ 7A 34 35 2E 7A 32 3F 28 3F
2026-07-07T06:56Z  F7C4 ░ 3F 2C 3F 28 23 2E 32 33 ██ 34 3D 7A 3E 3F 39 3B 23 29
2026-07-08T06:07Z  4AF3 ░ 39 35 2F 34 2E 7A 2E 32 ██ 3F 7A 29 33 36 3F 34 39 3F
2026-07-09T06:59Z  E3CA ░ 34 35 2E 32 33 34 3D 7A ██ 33 29 7A 29 33 3D 34 3F 3E
2026-07-10T06:55Z  C6BE ░ 36 3F 3B 2C 3F 7A 38 3F ██ 3C 35 28 3F 7A 3E 3B 2D 34
2026-07-11T05:49Z  E6AA ░ 34 35 7A 34 3B 37 ██ 3F 29 7A 32 3F 28 3F
